<?xml version="1.0" encoding="UTF-8"?>
<testng-results ignored="0" total="1" passed="1" failed="0" skipped="0">
  <reporter-output>
  </reporter-output>
  <suite started-at="2023-02-18T21:01:06 GST" name="Default suite" finished-at="2023-02-18T21:01:10 GST" duration-ms="4095">
    <groups>
    </groups>
    <test started-at="2023-02-18T21:01:06 GST" name="Default test" finished-at="2023-02-18T21:01:10 GST" duration-ms="4095">
      <class name="TestVisa">
        <test-method is-config="true" signature="SetUp()[pri:0, instance:TestVisa@42d236fb]" started-at="2023-02-18T21:01:06 GST" name="SetUp" finished-at="2023-02-18T21:01:10 GST" duration-ms="3841" status="PASS">
          <reporter-output>
          </reporter-output>
        </test-method> <!-- SetUp -->
        <test-method signature="CheckVisaLogo()[pri:0, instance:TestVisa@42d236fb]" started-at="2023-02-18T21:01:10 GST" name="CheckVisaLogo" finished-at="2023-02-18T21:01:10 GST" duration-ms="217" status="PASS">
          <reporter-output>
          </reporter-output>
        </test-method> <!-- CheckVisaLogo -->
      </class> <!-- TestVisa -->
    </test> <!-- Default test -->
  </suite> <!-- Default suite -->
</testng-results>
